TN:
SF:controllers/userController.js
FN:4,(anonymous_0)
FNF:1
FNH:1
FNDA:4,(anonymous_0)
DA:1,1
DA:2,1
DA:4,1
DA:5,4
DA:6,1
DA:9,3
DA:10,3
DA:11,1
DA:12,2
DA:13,1
DA:16,1
LF:11
LH:11
BRDA:5,0,0,1
BRDA:5,0,1,3
BRDA:10,1,0,1
BRDA:10,1,1,2
BRDA:12,2,0,1
BRDA:12,2,1,1
BRF:6
BRH:6
end_of_record
TN:
SF:services/userService.js
FN:3,(anonymous_0)
FN:7,(anonymous_1)
FN:28,(anonymous_2)
FN:37,createUserInAuth
FN:48,createUserInFirestore
FNF:5
FNH:4
FNDA:1,(anonymous_0)
FNDA:1,(anonymous_1)
FNDA:0,(anonymous_2)
FNDA:1,createUserInAuth
FNDA:1,createUserInFirestore
DA:1,2
DA:3,2
DA:4,1
DA:6,1
DA:8,1
DA:10,1
DA:24,1
DA:28,2
DA:29,0
DA:43,1
DA:45,1
DA:49,1
DA:50,1
DA:52,1
LF:14
LH:13
BRF:0
BRH:0
end_of_record
